*** Using Compiler 'V5.06 update 4 (build 422)', folder: 'D:\Keil_v5\ARM\ARMCC\Bin'
Rebuild target 'Target 1'
compiling core_cm3.c...
assembling startup_stm32f10x_md.s...
compiling misc.c...
compiling system_stm32f10x.c...
compiling stm32f10x_bkp.c...
compiling stm32f10x_pwr.c...
compiling stm32f10x_rtc.c...
compiling stm32f10x_i2c.c...
compiling stm32f10x_usart.c...
compiling stm32f10x_gpio.c...
compiling stm32f10x_rcc.c...
compiling stm32f10x_flash.c...
compiling main.c...
compiling sys.c...
compiling stm32f10x_it.c...
compiling rtc.c...
compiling i2c.c...
compiling delay.c...
compiling TOUCH.c...
compiling MY1690.c...
compiling OLED.c...
compiling usart.c...
linking...
Program Size: Code=13428 RO-data=2360 RW-data=60 ZI-data=1836  
FromELF: creating hex file...
".\Objects\MP3.axf" - 0 Error(s), 0 Warning(s).
Build Time Elapsed:  00:00:02
